<?xml version="1.0" encoding="UTF-8"?>
<!-- Generated by org.testng.reporters.JUnitXMLReporter -->
<testsuite hostname="Amar" ignored="0" name="Default test" tests="3" failures="0" timestamp="13 Aug 2021 08:27:02 GMT" time="2.616" errors="0">
  <testcase name="sdet" time="0.026" classname="com.practice.DataProvider_Excel"/>
  <testcase name="sdet" time="0.007" classname="com.practice.DataProvider_Excel"/>
  <testcase name="sdet" time="0.004" classname="com.practice.DataProvider_Excel"/>
</testsuite> <!-- Default test -->
