<?xml version="1.0" encoding="UTF-8"?>
<!-- Generated by org.testng.reporters.JUnitXMLReporter -->
<testsuite hostname="Amar" ignored="2" name="Test" tests="2" failures="1" timestamp="2021-08-25T12:20:27 IST" time="30.315" errors="0">
  <testcase name="getTitleforHome" time="0.177" classname="com.practice.GetTitleHome"/>
  <testcase name="getOrgtitle" time="0.002" classname="com.practice.GetTitleOrg">
    <failure type="java.lang.NullPointerException">
      <![CDATA[java.lang.NullPointerException
at com.practice.GetTitleOrg.getOrgtitle(GetTitleOrg.java:10)
at java.util.ArrayList.forEach(ArrayList.java:1257)
... Removed 27 stack frames]]>
    </failure>
  </testcase> <!-- getOrgtitle -->
  <testcase name="@AfterSuite closeSetup" time="0.0" classname="com.practice.Extent20">
    <ignored/>
  </testcase> <!-- @AfterSuite closeSetup -->
  <testcase name="@BeforeSuite setup" time="0.0" classname="com.practice.Extent20">
    <ignored/>
  </testcase> <!-- @BeforeSuite setup -->
</testsuite> <!-- Test -->
