<?xml version="1.0" encoding="UTF-8"?>
<!-- Generated by org.testng.reporters.JUnitXMLReporter -->
<testsuite hostname="Amar" ignored="4" name="Test" tests="3" failures="0" timestamp="18 Aug 2021 10:09:50 GMT" time="112.305" errors="0">
  <testcase name="createContactTest" time="25.374" classname="com.Vtiger.CreateContact_OrgTest"/>
  <testcase name="createContact" time="17.011" classname="com.Vtiger.CreateContactTest"/>
  <testcase name="createOrg" time="10.139" classname="com.Vtiger.CreateOrgTest"/>
  <testcase name="@BeforeSuite setup_JDBC_Report" time="0.0" classname="com.genericutil.BaseClass">
    <ignored/>
  </testcase> <!-- @BeforeSuite setup_JDBC_Report -->
  <testcase name="@BeforeSuite setup_JDBC_Report" time="0.0" classname="com.genericutil.BaseClass">
    <ignored/>
  </testcase> <!-- @BeforeSuite setup_JDBC_Report -->
  <testcase name="@AfterSuite close_JDBC_Report" time="0.0" classname="com.genericutil.BaseClass">
    <ignored/>
  </testcase> <!-- @AfterSuite close_JDBC_Report -->
  <testcase name="@AfterSuite close_JDBC_Report" time="0.0" classname="com.genericutil.BaseClass">
    <ignored/>
  </testcase> <!-- @AfterSuite close_JDBC_Report -->
</testsuite> <!-- Test -->
