<?xml version="1.0" encoding="UTF-8"?>
<testng-results skipped="0" failed="0" ignored="0" total="1" passed="1">
  <reporter-output>
  </reporter-output>
  <suite name="Default suite" duration-ms="35682" started-at="2021-08-16T06:38:02Z" finished-at="2021-08-16T06:38:37Z">
    <groups>
    </groups>
    <test name="Default test" duration-ms="35682" started-at="2021-08-16T06:38:02Z" finished-at="2021-08-16T06:38:37Z">
      <class name="com.Vtiger.CreateOrg">
        <test-method status="PASS" signature="something()[pri:0, instance:com.Vtiger.CreateOrg@2aece37d]" name="something" duration-ms="35576" started-at="2021-08-16T06:38:02Z" finished-at="2021-08-16T06:38:37Z">
          <reporter-output>
          </reporter-output>
        </test-method> <!-- something -->
      </class> <!-- com.Vtiger.CreateOrg -->
    </test> <!-- Default test -->
  </suite> <!-- Default suite -->
</testng-results>
