<?xml version="1.0" encoding="UTF-8"?>
<testng-results skipped="0" failed="0" ignored="0" total="2" passed="2">
  <reporter-output>
  </reporter-output>
  <suite name="Default suite" duration-ms="58284" started-at="2021-08-23T15:58:32 IST" finished-at="2021-08-23T15:59:30 IST">
    <groups>
      <group name="Regression Test">
        <method signature="CreateOrgTest.createOrg_withDD()[pri:0, instance:com.Vtiger.CreateOrgTest@7a1ebcd8]" name="createOrg_withDD" class="com.Vtiger.CreateOrgTest"/>
      </group> <!-- Regression Test -->
      <group name="Smoke Test">
        <method signature="CreateOrgTest.createContact()[pri:0, instance:com.Vtiger.CreateOrgTest@7a1ebcd8]" name="createContact" class="com.Vtiger.CreateOrgTest"/>
      </group> <!-- Smoke Test -->
    </groups>
    <test name="Default test" duration-ms="58284" started-at="2021-08-23T15:58:32 IST" finished-at="2021-08-23T15:59:30 IST">
      <class name="com.Vtiger.CreateOrgTest">
        <test-method status="PASS" signature="setup_JDBC_Report()[pri:0, instance:com.Vtiger.CreateOrgTest@7a1ebcd8]" name="setup_JDBC_Report" is-config="true" duration-ms="271" started-at="2021-08-23T15:58:31 IST" finished-at="2021-08-23T15:58:32 IST">
          <reporter-output>
          </reporter-output>
        </test-method> <!-- setup_JDBC_Report -->
        <test-method status="PASS" signature="launchBrowser()[pri:0, instance:com.Vtiger.CreateOrgTest@7a1ebcd8]" name="launchBrowser" is-config="true" duration-ms="5732" started-at="2021-08-23T15:58:32 IST" finished-at="2021-08-23T15:58:37 IST">
          <reporter-output>
          </reporter-output>
        </test-method> <!-- launchBrowser -->
        <test-method status="PASS" signature="logintoVtiger()[pri:0, instance:com.Vtiger.CreateOrgTest@7a1ebcd8]" name="logintoVtiger" is-config="true" duration-ms="7636" started-at="2021-08-23T15:58:37 IST" finished-at="2021-08-23T15:58:45 IST">
          <reporter-output>
          </reporter-output>
        </test-method> <!-- logintoVtiger -->
        <test-method status="PASS" signature="createContact()[pri:0, instance:com.Vtiger.CreateOrgTest@7a1ebcd8]" name="createContact" duration-ms="10340" started-at="2021-08-23T15:58:45 IST" finished-at="2021-08-23T15:58:55 IST">
          <reporter-output>
          </reporter-output>
        </test-method> <!-- createContact -->
        <test-method status="PASS" signature="logoutVtiger(org.testng.ITestResult)[pri:0, instance:com.Vtiger.CreateOrgTest@7a1ebcd8]" name="logoutVtiger" is-config="true" duration-ms="8722" started-at="2021-08-23T15:58:55 IST" finished-at="2021-08-23T15:59:04 IST">
          <params>
            <param index="0">
              <value>
                <![CDATA[[TestResult name=createContact status=SUCCESS method=CreateOrgTest.createContact()[pri:0, instance:com.Vtiger.CreateOrgTest@7a1ebcd8] output={null}]]]>
              </value>
            </param>
          </params>
          <reporter-output>
          </reporter-output>
        </test-method> <!-- logoutVtiger -->
        <test-method status="PASS" signature="logintoVtiger()[pri:0, instance:com.Vtiger.CreateOrgTest@7a1ebcd8]" name="logintoVtiger" is-config="true" duration-ms="5110" started-at="2021-08-23T15:59:04 IST" finished-at="2021-08-23T15:59:09 IST">
          <reporter-output>
          </reporter-output>
        </test-method> <!-- logintoVtiger -->
        <test-method status="PASS" signature="createOrg_withDD()[pri:0, instance:com.Vtiger.CreateOrgTest@7a1ebcd8]" name="createOrg_withDD" duration-ms="11925" started-at="2021-08-23T15:59:09 IST" finished-at="2021-08-23T15:59:21 IST">
          <reporter-output>
          </reporter-output>
        </test-method> <!-- createOrg_withDD -->
        <test-method status="PASS" signature="logoutVtiger(org.testng.ITestResult)[pri:0, instance:com.Vtiger.CreateOrgTest@7a1ebcd8]" name="logoutVtiger" is-config="true" duration-ms="8364" started-at="2021-08-23T15:59:21 IST" finished-at="2021-08-23T15:59:30 IST">
          <params>
            <param index="0">
              <value>
                <![CDATA[[TestResult name=createOrg_withDD status=SUCCESS method=CreateOrgTest.createOrg_withDD()[pri:0, instance:com.Vtiger.CreateOrgTest@7a1ebcd8] output={null}]]]>
              </value>
            </param>
          </params>
          <reporter-output>
          </reporter-output>
        </test-method> <!-- logoutVtiger -->
        <test-method status="PASS" signature="closeBrowser()[pri:0, instance:com.Vtiger.CreateOrgTest@7a1ebcd8]" name="closeBrowser" is-config="true" duration-ms="396" started-at="2021-08-23T15:59:30 IST" finished-at="2021-08-23T15:59:30 IST">
          <reporter-output>
          </reporter-output>
        </test-method> <!-- closeBrowser -->
        <test-method status="PASS" signature="close_JDBC_Report()[pri:0, instance:com.Vtiger.CreateOrgTest@7a1ebcd8]" name="close_JDBC_Report" is-config="true" duration-ms="894" started-at="2021-08-23T15:59:30 IST" finished-at="2021-08-23T15:59:31 IST">
          <reporter-output>
          </reporter-output>
        </test-method> <!-- close_JDBC_Report -->
      </class> <!-- com.Vtiger.CreateOrgTest -->
    </test> <!-- Default test -->
  </suite> <!-- Default suite -->
</testng-results>
